c:\users\86135\desktop\jzoo\jzoo\debug\vc141.pdb
c:\users\86135\desktop\jzoo\jzoo\debug\vc141.idb
c:\users\86135\desktop\jzoo\jzoo\debug\zoo.obj
c:\users\86135\desktop\jzoo\jzoo\debug\main.obj
c:\users\86135\desktop\jzoo\jzoo\debug\proboscidea.obj
c:\users\86135\desktop\jzoo\jzoo\debug\plant.obj
c:\users\86135\desktop\jzoo\jzoo\debug\mammal.obj
c:\users\86135\desktop\jzoo\jzoo\debug\gloable.obj
c:\users\86135\desktop\jzoo\jzoo\debug\elephant.obj
c:\users\86135\desktop\jzoo\jzoo\debug\chordata.obj
c:\users\86135\desktop\jzoo\jzoo\debug\biological.obj
c:\users\86135\desktop\jzoo\jzoo\debug\asian_elephant.obj
c:\users\86135\desktop\jzoo\jzoo\debug\archivefile.obj
c:\users\86135\desktop\jzoo\jzoo\debug\animal.obj
c:\users\86135\desktop\jzoo\jzoo\debug\j_zoo.exe
c:\users\86135\desktop\jzoo\jzoo\debug\j_zoo.ilk
c:\users\86135\desktop\jzoo\jzoo\debug\j_zoo.pdb
c:\users\86135\desktop\jzoo\jzoo\debug\j_zoo.tlog\cl.command.1.tlog
c:\users\86135\desktop\jzoo\jzoo\debug\j_zoo.tlog\cl.read.1.tlog
c:\users\86135\desktop\jzoo\jzoo\debug\j_zoo.tlog\cl.write.1.tlog
c:\users\86135\desktop\jzoo\jzoo\debug\j_zoo.tlog\link.command.1.tlog
c:\users\86135\desktop\jzoo\jzoo\debug\j_zoo.tlog\link.read.1.tlog
c:\users\86135\desktop\jzoo\jzoo\debug\j_zoo.tlog\link.write.1.tlog
